# JRE version: Java(TM) SE Runtime Environment (18.0.2.1+1) (build 18.0.2.1+1-1)
# Java VM: Java HotSpot(TM) 64-Bit Server VM (18.0.2.1+1-1, mixed mode, sharing, tiered, compressed oops, compressed class ptrs, g1 gc, windows-amd64)
GC Precious Log:
 CardTable entry size: 512
 Card Set container configuration: InlinePtr #cards 5 size 8 Array Of Cards #cards 12 size 40 Howl #buckets 4 coarsen threshold 1843 Howl Bitmap #cards 512 size 80 coarsen threshold 460 Card regions per heap region 1 cards per card region 2048
 CPUs: 8 total, 8 available
 Memory: 7916M
 Large Page Support: Disabled
 NUMA Support: Disabled
 Compressed Oops: Enabled (32-bit)
 Heap Region Size: 1M
 Heap Min Capacity: 8M
 Heap Initial Capacity: 124M
 Heap Max Capacity: 1980M
 Pre-touch: Disabled
 Parallel Workers: 8
 Concurrent Workers: 2
 Concurrent Refinement Workers: 8
 Periodic GC: Disabled
Heap:
 garbage-first heap   total 215040K, used 91420K [0x0000000084400000, 0x0000000100000000)
  region size 1024K, 21 young (21504K), 7 survivors (7168K)
 Metaspace       used 33493K, committed 33984K, reserved 1114112K
  class space    used 3685K, committed 3904K, reserved 1048576K
GC Heap History (20 events):
Event: 5.548 GC heap before
{Heap before GC invocations=3 (full 0):
 garbage-first heap   total 126976K, used 78798K [0x0000000084400000, 0x0000000100000000)
  region size 1024K, 74 young (75776K), 10 survivors (10240K)
 Metaspace       used 17216K, committed 17536K, reserved 1114112K
  class space    used 1944K, committed 2112K, reserved 1048576K
}
Event: 5.571 GC heap after
{Heap after GC invocations=4 (full 0):
 garbage-first heap   total 126976K, used 16156K [0x0000000084400000, 0x0000000100000000)
  region size 1024K, 4 young (4096K), 4 survivors (4096K)
 Metaspace       used 17216K, committed 17536K, reserved 1114112K
  class space    used 1944K, committed 2112K, reserved 1048576K
}
Event: 6.735 GC heap before
{Heap before GC invocations=4 (full 0):
 garbage-first heap   total 126976K, used 53020K [0x0000000084400000, 0x0000000100000000)
  region size 1024K, 36 young (36864K), 4 survivors (4096K)
 Metaspace       used 21195K, committed 21504K, reserved 1114112K
  class space    used 2427K, committed 2560K, reserved 1048576K
}
Event: 6.745 GC heap after
{Heap after GC invocations=5 (full 0):
 garbage-first heap   total 126976K, used 24202K [0x0000000084400000, 0x0000000100000000)
  region size 1024K, 8 young (8192K), 8 survivors (8192K)
 Metaspace       used 21195K, committed 21504K, reserved 1114112K
  class space    used 2427K, committed 2560K, reserved 1048576K
}
Event: 7.994 GC heap before
{Heap before GC invocations=6 (full 0):
 garbage-first heap   total 86016K, used 68234K [0x0000000084400000, 0x0000000100000000)
  region size 1024K, 50 young (51200K), 8 survivors (8192K)
 Metaspace       used 25827K, committed 26176K, reserved 1114112K
  class space    used 2910K, committed 3072K, reserved 1048576K
}
Event: 8.026 GC heap after
{Heap after GC invocations=7 (full 0):
 garbage-first heap   total 89088K, used 35544K [0x0000000084400000, 0x0000000100000000)
  region size 1024K, 7 young (7168K), 7 survivors (7168K)
 Metaspace       used 25827K, committed 26176K, reserved 1114112K
  class space    used 2910K, committed 3072K, reserved 1048576K
}
Event: 8.040 GC heap before
{Heap before GC invocations=7 (full 0):
 garbage-first heap   total 89088K, used 36568K [0x0000000084400000, 0x0000000100000000)
  region size 1024K, 8 young (8192K), 7 survivors (7168K)
 Metaspace       used 25827K, committed 26176K, reserved 1114112K
  class space    used 2910K, committed 3072K, reserved 1048576K
}
Event: 8.048 GC heap after
{Heap after GC invocations=8 (full 0):
 garbage-first heap   total 107520K, used 36864K [0x0000000084400000, 0x0000000100000000)
  region size 1024K, 1 young (1024K), 1 survivors (1024K)
 Metaspace       used 25827K, committed 26176K, reserved 1114112K
  class space    used 2910K, committed 3072K, reserved 1048576K
}
Event: 9.020 GC heap before
{Heap before GC invocations=8 (full 0):
 garbage-first heap   total 107520K, used 74752K [0x0000000084400000, 0x0000000100000000)
  region size 1024K, 39 young (39936K), 1 survivors (1024K)
 Metaspace       used 27576K, committed 27968K, reserved 1114112K
  class space    used 3047K, committed 3264K, reserved 1048576K
}
Event: 9.033 GC heap after
{Heap after GC invocations=9 (full 0):
 garbage-first heap   total 107520K, used 42496K [0x0000000084400000, 0x0000000100000000)
  region size 1024K, 5 young (5120K), 5 survivors (5120K)
 Metaspace       used 27576K, committed 27968K, reserved 1114112K
  class space    used 3047K, committed 3264K, reserved 1048576K
}
Event: 9.614 GC heap before
{Heap before GC invocations=9 (full 0):
 garbage-first heap   total 107520K, used 76288K [0x0000000084400000, 0x0000000100000000)
  region size 1024K, 39 young (39936K), 5 survivors (5120K)
 Metaspace       used 28861K, committed 29248K, reserved 1114112K
  class space    used 3198K, committed 3392K, reserved 1048576K
}
Event: 9.626 GC heap after
{Heap after GC invocations=10 (full 0):
 garbage-first heap   total 107520K, used 43791K [0x0000000084400000, 0x0000000100000000)
  region size 1024K, 1 young (1024K), 1 survivors (1024K)
 Metaspace       used 28861K, committed 29248K, reserved 1114112K
  class space    used 3198K, committed 3392K, reserved 1048576K
}
Event: 9.974 GC heap before
{Heap before GC invocations=10 (full 0):
 garbage-first heap   total 107520K, used 80655K [0x0000000084400000, 0x0000000100000000)
  region size 1024K, 37 young (37888K), 1 survivors (1024K)
 Metaspace       used 29462K, committed 29952K, reserved 1114112K
  class space    used 3270K, committed 3520K, reserved 1048576K
}
Event: 9.978 GC heap after
{Heap after GC invocations=11 (full 0):
 garbage-first heap   total 107520K, used 44628K [0x0000000084400000, 0x0000000100000000)
  region size 1024K, 2 young (2048K), 2 survivors (2048K)
 Metaspace       used 29462K, committed 29952K, reserved 1114112K
  class space    used 3270K, committed 3520K, reserved 1048576K
}
Event: 10.169 GC heap before
{Heap before GC invocations=11 (full 0):
 garbage-first heap   total 107520K, used 82516K [0x0000000084400000, 0x0000000100000000)
  region size 1024K, 39 young (39936K), 2 survivors (2048K)
 Metaspace       used 29617K, committed 30080K, reserved 1114112K
  class space    used 3272K, committed 3520K, reserved 1048576K
}
Event: 10.175 GC heap after
{Heap after GC invocations=12 (full 0):
 garbage-first heap   total 215040K, used 44740K [0x0000000084400000, 0x0000000100000000)
  region size 1024K, 2 young (2048K), 2 survivors (2048K)
 Metaspace       used 29617K, committed 30080K, reserved 1114112K
  class space    used 3272K, committed 3520K, reserved 1048576K
}
Event: 12.841 GC heap before
{Heap before GC invocations=12 (full 0):
 garbage-first heap   total 215040K, used 161476K [0x0000000084400000, 0x0000000100000000)
  region size 1024K, 111 young (113664K), 2 survivors (2048K)
 Metaspace       used 31928K, committed 32320K, reserved 1114112K
  class space    used 3519K, committed 3712K, reserved 1048576K
}
Event: 12.859 GC heap after
{Heap after GC invocations=13 (full 0):
 garbage-first heap   total 215040K, used 70847K [0x0000000084400000, 0x0000000100000000)
  region size 1024K, 14 young (14336K), 14 survivors (14336K)
 Metaspace       used 31928K, committed 32320K, reserved 1114112K
  class space    used 3519K, committed 3712K, reserved 1048576K
}
Event: 13.743 GC heap before
{Heap before GC invocations=13 (full 0):
 garbage-first heap   total 215040K, used 154815K [0x0000000084400000, 0x0000000100000000)
  region size 1024K, 97 young (99328K), 14 survivors (14336K)
 Metaspace       used 33368K, committed 33856K, reserved 1114112K
  class space    used 3676K, committed 3904K, reserved 1048576K
}
Event: 13.757 GC heap after
{Heap after GC invocations=14 (full 0):
 garbage-first heap   total 215040K, used 78108K [0x0000000084400000, 0x0000000100000000)
  region size 1024K, 7 young (7168K), 7 survivors (7168K)
 Metaspace       used 33368K, committed 33856K, reserved 1114112K
  class space    used 3676K, committed 3904K, reserved 1048576K
}

