# JRE version: OpenJDK Runtime Environment Temurin-21.0.8+9 (21.0.8+9) (build 21.0.8+9-LTS)
# Java VM: OpenJDK 64-Bit Server VM Temurin-21.0.8+9 (21.0.8+9-LTS, mixed mode, sharing, tiered, compressed oops, compressed class ptrs, parallel gc, windows-amd64)
GC Precious Log:
 CardTable entry size: 512
 CPUs: 8 total, 8 available
 Memory: 7916M
 Large Page Support: Disabled
 NUMA Support: Disabled
 Compressed Oops: Enabled (32-bit)
 Alignments: Space 512K, Generation 512K, Heap 2M
 Heap Min Capacity: 100M
 Heap Initial Capacity: 100M
 Heap Max Capacity: 2G
 Pre-touch: Disabled
 Parallel Workers: 8
Heap:
 PSYoungGen      total 4608K, used 3640K [0x00000000d5580000, 0x00000000d5a80000, 0x0000000100000000)
  eden space 3584K, 87% used [0x00000000d5580000,0x00000000d5892390,0x00000000d5900000)
  from space 1024K, 48% used [0x00000000d5900000,0x00000000d597c010,0x00000000d5a00000)
  to   space 512K, 0% used [0x00000000d5a00000,0x00000000d5a00000,0x00000000d5a80000)
 ParOldGen       total 1082880K, used 1082753K [0x0000000080000000, 0x00000000c2180000, 0x00000000d5580000)
  object space 1082880K, 99% used [0x0000000080000000,0x00000000c2160700,0x00000000c2180000)
 Metaspace       used 91886K, committed 93760K, reserved 1179648K
  class space    used 9373K, committed 10240K, reserved 1048576K
GC Heap History (20 events):
Event: 2150.168 GC heap before
{Heap before GC invocations=2631 (full 5):
 PSYoungGen      total 3584K, used 3360K [0x00000000d5580000, 0x00000000d5b00000, 0x0000000100000000)
  eden space 3072K, 100% used [0x00000000d5580000,0x00000000d5880000,0x00000000d5880000)
  from space 512K, 56% used [0x00000000d5a00000,0x00000000d5a48000,0x00000000d5a80000)
  to   space 512K, 0% used [0x00000000d5a80000,0x00000000d5a80000,0x00000000d5b00000)
 ParOldGen       total 1079808K, used 1079575K [0x0000000080000000, 0x00000000c1e80000, 0x00000000d5580000)
  object space 1079808K, 99% used [0x0000000080000000,0x00000000c1e45cc8,0x00000000c1e80000)
 Metaspace       used 91871K, committed 93760K, reserved 1179648K
  class space    used 9373K, committed 10240K, reserved 1048576K
}
Event: 2150.172 GC heap after
{Heap after GC invocations=2631 (full 5):
 PSYoungGen      total 3584K, used 500K [0x00000000d5580000, 0x00000000d5b00000, 0x0000000100000000)
  eden space 3072K, 0% used [0x00000000d5580000,0x00000000d5580000,0x00000000d5880000)
  from space 512K, 97% used [0x00000000d5a80000,0x00000000d5afd200,0x00000000d5b00000)
  to   space 1024K, 0% used [0x00000000d5900000,0x00000000d5900000,0x00000000d5a00000)
 ParOldGen       total 1079808K, used 1079780K [0x0000000080000000, 0x00000000c1e80000, 0x00000000d5580000)
  object space 1079808K, 99% used [0x0000000080000000,0x00000000c1e791e0,0x00000000c1e80000)
 Metaspace       used 91871K, committed 93760K, reserved 1179648K
  class space    used 9373K, committed 10240K, reserved 1048576K
}
Event: 2150.180 GC heap before
{Heap before GC invocations=2632 (full 5):
 PSYoungGen      total 3584K, used 3572K [0x00000000d5580000, 0x00000000d5b00000, 0x0000000100000000)
  eden space 3072K, 100% used [0x00000000d5580000,0x00000000d5880000,0x00000000d5880000)
  from space 512K, 97% used [0x00000000d5a80000,0x00000000d5afd200,0x00000000d5b00000)
  to   space 1024K, 0% used [0x00000000d5900000,0x00000000d5900000,0x00000000d5a00000)
 ParOldGen       total 1079808K, used 1079780K [0x0000000080000000, 0x00000000c1e80000, 0x00000000d5580000)
  object space 1079808K, 99% used [0x0000000080000000,0x00000000c1e791e0,0x00000000c1e80000)
 Metaspace       used 91871K, committed 93760K, reserved 1179648K
  class space    used 9373K, committed 10240K, reserved 1048576K
}
Event: 2150.183 GC heap after
{Heap after GC invocations=2632 (full 5):
 PSYoungGen      total 4608K, used 256K [0x00000000d5580000, 0x00000000d5b00000, 0x0000000100000000)
  eden space 3584K, 0% used [0x00000000d5580000,0x00000000d5580000,0x00000000d5900000)
  from space 1024K, 25% used [0x00000000d5900000,0x00000000d5940000,0x00000000d5a00000)
  to   space 512K, 0% used [0x00000000d5a80000,0x00000000d5a80000,0x00000000d5b00000)
 ParOldGen       total 1080320K, used 1080304K [0x0000000080000000, 0x00000000c1f00000, 0x00000000d5580000)
  object space 1080320K, 99% used [0x0000000080000000,0x00000000c1efc3f0,0x00000000c1f00000)
 Metaspace       used 91871K, committed 93760K, reserved 1179648K
  class space    used 9373K, committed 10240K, reserved 1048576K
}
Event: 2361.381 GC heap before
{Heap before GC invocations=2633 (full 5):
 PSYoungGen      total 4608K, used 3840K [0x00000000d5580000, 0x00000000d5b00000, 0x0000000100000000)
  eden space 3584K, 100% used [0x00000000d5580000,0x00000000d5900000,0x00000000d5900000)
  from space 1024K, 25% used [0x00000000d5900000,0x00000000d5940000,0x00000000d5a00000)
  to   space 512K, 0% used [0x00000000d5a80000,0x00000000d5a80000,0x00000000d5b00000)
 ParOldGen       total 1080320K, used 1080304K [0x0000000080000000, 0x00000000c1f00000, 0x00000000d5580000)
  object space 1080320K, 99% used [0x0000000080000000,0x00000000c1efc3f0,0x00000000c1f00000)
 Metaspace       used 91875K, committed 93760K, reserved 1179648K
  class space    used 9373K, committed 10240K, reserved 1048576K
}
Event: 2361.572 GC heap after
{Heap after GC invocations=2633 (full 5):
 PSYoungGen      total 4096K, used 448K [0x00000000d5580000, 0x00000000d5b00000, 0x0000000100000000)
  eden space 3584K, 0% used [0x00000000d5580000,0x00000000d5580000,0x00000000d5900000)
  from space 512K, 87% used [0x00000000d5a80000,0x00000000d5af0000,0x00000000d5b00000)
  to   space 512K, 0% used [0x00000000d5a00000,0x00000000d5a00000,0x00000000d5a80000)
 ParOldGen       total 1080832K, used 1080462K [0x0000000080000000, 0x00000000c1f80000, 0x00000000d5580000)
  object space 1080832K, 99% used [0x0000000080000000,0x00000000c1f23908,0x00000000c1f80000)
 Metaspace       used 91875K, committed 93760K, reserved 1179648K
  class space    used 9373K, committed 10240K, reserved 1048576K
}
Event: 2539.869 GC heap before
{Heap before GC invocations=2634 (full 5):
 PSYoungGen      total 4096K, used 4032K [0x00000000d5580000, 0x00000000d5b00000, 0x0000000100000000)
  eden space 3584K, 100% used [0x00000000d5580000,0x00000000d5900000,0x00000000d5900000)
  from space 512K, 87% used [0x00000000d5a80000,0x00000000d5af0000,0x00000000d5b00000)
  to   space 512K, 0% used [0x00000000d5a00000,0x00000000d5a00000,0x00000000d5a80000)
 ParOldGen       total 1080832K, used 1080462K [0x0000000080000000, 0x00000000c1f80000, 0x00000000d5580000)
  object space 1080832K, 99% used [0x0000000080000000,0x00000000c1f23908,0x00000000c1f80000)
 Metaspace       used 91884K, committed 93760K, reserved 1179648K
  class space    used 9373K, committed 10240K, reserved 1048576K
}
Event: 2540.162 GC heap after
{Heap after GC invocations=2634 (full 5):
 PSYoungGen      total 4096K, used 346K [0x00000000d5580000, 0x00000000d5b00000, 0x0000000100000000)
  eden space 3584K, 0% used [0x00000000d5580000,0x00000000d5580000,0x00000000d5900000)
  from space 512K, 67% used [0x00000000d5a00000,0x00000000d5a56900,0x00000000d5a80000)
  to   space 512K, 0% used [0x00000000d5a80000,0x00000000d5a80000,0x00000000d5b00000)
 ParOldGen       total 1080832K, used 1080742K [0x0000000080000000, 0x00000000c1f80000, 0x00000000d5580000)
  object space 1080832K, 99% used [0x0000000080000000,0x00000000c1f69908,0x00000000c1f80000)
 Metaspace       used 91884K, committed 93760K, reserved 1179648K
  class space    used 9373K, committed 10240K, reserved 1048576K
}
Event: 2540.838 GC heap before
{Heap before GC invocations=2635 (full 5):
 PSYoungGen      total 4096K, used 3930K [0x00000000d5580000, 0x00000000d5b00000, 0x0000000100000000)
  eden space 3584K, 100% used [0x00000000d5580000,0x00000000d5900000,0x00000000d5900000)
  from space 512K, 67% used [0x00000000d5a00000,0x00000000d5a56900,0x00000000d5a80000)
  to   space 512K, 0% used [0x00000000d5a80000,0x00000000d5a80000,0x00000000d5b00000)
 ParOldGen       total 1080832K, used 1080742K [0x0000000080000000, 0x00000000c1f80000, 0x00000000d5580000)
  object space 1080832K, 99% used [0x0000000080000000,0x00000000c1f69908,0x00000000c1f80000)
 Metaspace       used 91884K, committed 93760K, reserved 1179648K
  class space    used 9373K, committed 10240K, reserved 1048576K
}
Event: 2540.862 GC heap after
{Heap after GC invocations=2635 (full 5):
 PSYoungGen      total 4096K, used 496K [0x00000000d5580000, 0x00000000d5b00000, 0x0000000100000000)
  eden space 3584K, 0% used [0x00000000d5580000,0x00000000d5580000,0x00000000d5900000)
  from space 512K, 96% used [0x00000000d5a80000,0x00000000d5afc010,0x00000000d5b00000)
  to   space 1024K, 0% used [0x00000000d5900000,0x00000000d5900000,0x00000000d5a00000)
 ParOldGen       total 1081344K, used 1080962K [0x0000000080000000, 0x00000000c2000000, 0x00000000d5580000)
  object space 1081344K, 99% used [0x0000000080000000,0x00000000c1fa0b18,0x00000000c2000000)
 Metaspace       used 91884K, committed 93760K, reserved 1179648K
  class space    used 9373K, committed 10240K, reserved 1048576K
}
Event: 2541.200 GC heap before
{Heap before GC invocations=2636 (full 5):
 PSYoungGen      total 4096K, used 4080K [0x00000000d5580000, 0x00000000d5b00000, 0x0000000100000000)
  eden space 3584K, 100% used [0x00000000d5580000,0x00000000d5900000,0x00000000d5900000)
  from space 512K, 96% used [0x00000000d5a80000,0x00000000d5afc010,0x00000000d5b00000)
  to   space 1024K, 0% used [0x00000000d5900000,0x00000000d5900000,0x00000000d5a00000)
 ParOldGen       total 1081344K, used 1080962K [0x0000000080000000, 0x00000000c2000000, 0x00000000d5580000)
  object space 1081344K, 99% used [0x0000000080000000,0x00000000c1fa0b18,0x00000000c2000000)
 Metaspace       used 91884K, committed 93760K, reserved 1179648K
  class space    used 9373K, committed 10240K, reserved 1048576K
}
Event: 2541.211 GC heap after
{Heap after GC invocations=2636 (full 5):
 PSYoungGen      total 4608K, used 544K [0x00000000d5580000, 0x00000000d5b00000, 0x0000000100000000)
  eden space 3584K, 0% used [0x00000000d5580000,0x00000000d5580000,0x00000000d5900000)
  from space 1024K, 53% used [0x00000000d5900000,0x00000000d5988020,0x00000000d5a00000)
  to   space 1024K, 0% used [0x00000000d5a00000,0x00000000d5a00000,0x00000000d5b00000)
 ParOldGen       total 1081344K, used 1081338K [0x0000000080000000, 0x00000000c2000000, 0x00000000d5580000)
  object space 1081344K, 99% used [0x0000000080000000,0x00000000c1ffeb28,0x00000000c2000000)
 Metaspace       used 91884K, committed 93760K, reserved 1179648K
  class space    used 9373K, committed 10240K, reserved 1048576K
}
Event: 2541.334 GC heap before
{Heap before GC invocations=2637 (full 5):
 PSYoungGen      total 4608K, used 4128K [0x00000000d5580000, 0x00000000d5b00000, 0x0000000100000000)
  eden space 3584K, 99% used [0x00000000d5580000,0x00000000d58ffff0,0x00000000d5900000)
  from space 1024K, 53% used [0x00000000d5900000,0x00000000d5988020,0x00000000d5a00000)
  to   space 1024K, 0% used [0x00000000d5a00000,0x00000000d5a00000,0x00000000d5b00000)
 ParOldGen       total 1081344K, used 1081338K [0x0000000080000000, 0x00000000c2000000, 0x00000000d5580000)
  object space 1081344K, 99% used [0x0000000080000000,0x00000000c1ffeb28,0x00000000c2000000)
 Metaspace       used 91884K, committed 93760K, reserved 1179648K
  class space    used 9373K, committed 10240K, reserved 1048576K
}
Event: 2541.339 GC heap after
{Heap after GC invocations=2637 (full 5):
 PSYoungGen      total 4608K, used 602K [0x00000000d5580000, 0x00000000d5b00000, 0x0000000100000000)
  eden space 3584K, 0% used [0x00000000d5580000,0x00000000d5580000,0x00000000d5900000)
  from space 1024K, 58% used [0x00000000d5a00000,0x00000000d5a96900,0x00000000d5b00000)
  to   space 1024K, 0% used [0x00000000d5900000,0x00000000d5900000,0x00000000d5a00000)
 ParOldGen       total 1081856K, used 1081786K [0x0000000080000000, 0x00000000c2080000, 0x00000000d5580000)
  object space 1081856K, 99% used [0x0000000080000000,0x00000000c206eb48,0x00000000c2080000)
 Metaspace       used 91884K, committed 93760K, reserved 1179648K
  class space    used 9373K, committed 10240K, reserved 1048576K
}
Event: 2541.354 GC heap before
{Heap before GC invocations=2638 (full 5):
 PSYoungGen      total 4608K, used 4186K [0x00000000d5580000, 0x00000000d5b00000, 0x0000000100000000)
  eden space 3584K, 100% used [0x00000000d5580000,0x00000000d5900000,0x00000000d5900000)
  from space 1024K, 58% used [0x00000000d5a00000,0x00000000d5a96900,0x00000000d5b00000)
  to   space 1024K, 0% used [0x00000000d5900000,0x00000000d5900000,0x00000000d5a00000)
 ParOldGen       total 1081856K, used 1081786K [0x0000000080000000, 0x00000000c2080000, 0x00000000d5580000)
  object space 1081856K, 99% used [0x0000000080000000,0x00000000c206eb48,0x00000000c2080000)
 Metaspace       used 91884K, committed 93760K, reserved 1179648K
  class space    used 9373K, committed 10240K, reserved 1048576K
}
Event: 2541.359 GC heap after
{Heap after GC invocations=2638 (full 5):
 PSYoungGen      total 4608K, used 224K [0x00000000d5580000, 0x00000000d5a80000, 0x0000000100000000)
  eden space 3584K, 0% used [0x00000000d5580000,0x00000000d5580000,0x00000000d5900000)
  from space 1024K, 21% used [0x00000000d5900000,0x00000000d5938000,0x00000000d5a00000)
  to   space 512K, 0% used [0x00000000d5a00000,0x00000000d5a00000,0x00000000d5a80000)
 ParOldGen       total 1082368K, used 1082219K [0x0000000080000000, 0x00000000c2100000, 0x00000000d5580000)
  object space 1082368K, 99% used [0x0000000080000000,0x00000000c20dad68,0x00000000c2100000)
 Metaspace       used 91884K, committed 93760K, reserved 1179648K
  class space    used 9373K, committed 10240K, reserved 1048576K
}
Event: 2547.136 GC heap before
{Heap before GC invocations=2639 (full 5):
 PSYoungGen      total 4608K, used 3808K [0x00000000d5580000, 0x00000000d5a80000, 0x0000000100000000)
  eden space 3584K, 100% used [0x00000000d5580000,0x00000000d5900000,0x00000000d5900000)
  from space 1024K, 21% used [0x00000000d5900000,0x00000000d5938000,0x00000000d5a00000)
  to   space 512K, 0% used [0x00000000d5a00000,0x00000000d5a00000,0x00000000d5a80000)
 ParOldGen       total 1082368K, used 1082219K [0x0000000080000000, 0x00000000c2100000, 0x00000000d5580000)
  object space 1082368K, 99% used [0x0000000080000000,0x00000000c20dad68,0x00000000c2100000)
 Metaspace       used 91885K, committed 93760K, reserved 1179648K
  class space    used 9373K, committed 10240K, reserved 1048576K
}
Event: 2547.141 GC heap after
{Heap after GC invocations=2639 (full 5):
 PSYoungGen      total 4096K, used 500K [0x00000000d5580000, 0x00000000d5b00000, 0x0000000100000000)
  eden space 3584K, 0% used [0x00000000d5580000,0x00000000d5580000,0x00000000d5900000)
  from space 512K, 97% used [0x00000000d5a00000,0x00000000d5a7d200,0x00000000d5a80000)
  to   space 1024K, 0% used [0x00000000d5900000,0x00000000d5900000,0x00000000d5a00000)
 ParOldGen       total 1082368K, used 1082360K [0x0000000080000000, 0x00000000c2100000, 0x00000000d5580000)
  object space 1082368K, 99% used [0x0000000080000000,0x00000000c20fe280,0x00000000c2100000)
 Metaspace       used 91885K, committed 93760K, reserved 1179648K
  class space    used 9373K, committed 10240K, reserved 1048576K
}
Event: 2547.158 GC heap before
{Heap before GC invocations=2640 (full 5):
 PSYoungGen      total 4096K, used 4084K [0x00000000d5580000, 0x00000000d5b00000, 0x0000000100000000)
  eden space 3584K, 100% used [0x00000000d5580000,0x00000000d5900000,0x00000000d5900000)
  from space 512K, 97% used [0x00000000d5a00000,0x00000000d5a7d200,0x00000000d5a80000)
  to   space 1024K, 0% used [0x00000000d5900000,0x00000000d5900000,0x00000000d5a00000)
 ParOldGen       total 1082368K, used 1082360K [0x0000000080000000, 0x00000000c2100000, 0x00000000d5580000)
  object space 1082368K, 99% used [0x0000000080000000,0x00000000c20fe280,0x00000000c2100000)
 Metaspace       used 91885K, committed 93760K, reserved 1179648K
  class space    used 9373K, committed 10240K, reserved 1048576K
}
Event: 2547.163 GC heap after
{Heap after GC invocations=2640 (full 5):
 PSYoungGen      total 4608K, used 496K [0x00000000d5580000, 0x00000000d5a80000, 0x0000000100000000)
  eden space 3584K, 0% used [0x00000000d5580000,0x00000000d5580000,0x00000000d5900000)
  from space 1024K, 48% used [0x00000000d5900000,0x00000000d597c010,0x00000000d5a00000)
  to   space 512K, 0% used [0x00000000d5a00000,0x00000000d5a00000,0x00000000d5a80000)
 ParOldGen       total 1082880K, used 1082753K [0x0000000080000000, 0x00000000c2180000, 0x00000000d5580000)
  object space 1082880K, 99% used [0x0000000080000000,0x00000000c2160700,0x00000000c2180000)
 Metaspace       used 91885K, committed 93760K, reserved 1179648K
  class space    used 9373K, committed 10240K, reserved 1048576K
}

