# JRE version: OpenJDK Runtime Environment Temurin-21.0.8+9 (21.0.8+9) (build 21.0.8+9-LTS)
# Java VM: OpenJDK 64-Bit Server VM Temurin-21.0.8+9 (21.0.8+9-LTS, mixed mode, sharing, tiered, compressed oops, compressed class ptrs, parallel gc, windows-amd64)
GC Precious Log:
 CardTable entry size: 512
 CPUs: 8 total, 8 available
 Memory: 7916M
 Large Page Support: Disabled
 NUMA Support: Disabled
 Compressed Oops: Enabled (32-bit)
 Alignments: Space 512K, Generation 512K, Heap 2M
 Heap Min Capacity: 100M
 Heap Initial Capacity: 100M
 Heap Max Capacity: 2G
 Pre-touch: Disabled
 Parallel Workers: 8
Heap:
 PSYoungGen      total 6656K, used 1922K [0x00000000d5580000, 0x00000000d5d80000, 0x0000000100000000)
  eden space 5120K, 16% used [0x00000000d5580000,0x00000000d5659278,0x00000000d5a80000)
  from space 1536K, 68% used [0x00000000d5a80000,0x00000000d5b878a8,0x00000000d5c00000)
  to   space 1536K, 0% used [0x00000000d5c00000,0x00000000d5c00000,0x00000000d5d80000)
 ParOldGen       total 242688K, used 242680K [0x0000000080000000, 0x000000008ed00000, 0x00000000d5580000)
  object space 242688K, 99% used [0x0000000080000000,0x000000008ecfe1c8,0x000000008ed00000)
 Metaspace       used 67484K, committed 69056K, reserved 1114112K
  class space    used 6976K, committed 7680K, reserved 1048576K
GC Heap History (20 events):
Event: 56.685 GC heap before
{Heap before GC invocations=280 (full 3):
 PSYoungGen      total 8704K, used 8704K [0x00000000d5580000, 0x00000000d5f80000, 0x0000000100000000)
  eden space 8192K, 100% used [0x00000000d5580000,0x00000000d5d80000,0x00000000d5d80000)
  from space 512K, 100% used [0x00000000d5e80000,0x00000000d5f00000,0x00000000d5f00000)
  to   space 1024K, 0% used [0x00000000d5d80000,0x00000000d5d80000,0x00000000d5e80000)
 ParOldGen       total 230912K, used 230646K [0x0000000080000000, 0x000000008e180000, 0x00000000d5580000)
  object space 230912K, 99% used [0x0000000080000000,0x000000008e13dbf8,0x000000008e180000)
 Metaspace       used 66771K, committed 68352K, reserved 1114112K
  class space    used 6905K, committed 7616K, reserved 1048576K
}
Event: 56.687 GC heap after
{Heap after GC invocations=280 (full 3):
 PSYoungGen      total 9216K, used 572K [0x00000000d5580000, 0x00000000d5f80000, 0x0000000100000000)
  eden space 8192K, 0% used [0x00000000d5580000,0x00000000d5580000,0x00000000d5d80000)
  from space 1024K, 55% used [0x00000000d5d80000,0x00000000d5e0f118,0x00000000d5e80000)
  to   space 1024K, 0% used [0x00000000d5e80000,0x00000000d5e80000,0x00000000d5f80000)
 ParOldGen       total 231424K, used 231011K [0x0000000080000000, 0x000000008e200000, 0x00000000d5580000)
  object space 231424K, 99% used [0x0000000080000000,0x000000008e198d60,0x000000008e200000)
 Metaspace       used 66771K, committed 68352K, reserved 1114112K
  class space    used 6905K, committed 7616K, reserved 1048576K
}
Event: 56.804 GC heap before
{Heap before GC invocations=281 (full 3):
 PSYoungGen      total 9216K, used 8764K [0x00000000d5580000, 0x00000000d5f80000, 0x0000000100000000)
  eden space 8192K, 100% used [0x00000000d5580000,0x00000000d5d80000,0x00000000d5d80000)
  from space 1024K, 55% used [0x00000000d5d80000,0x00000000d5e0f118,0x00000000d5e80000)
  to   space 1024K, 0% used [0x00000000d5e80000,0x00000000d5e80000,0x00000000d5f80000)
 ParOldGen       total 231424K, used 231011K [0x0000000080000000, 0x000000008e200000, 0x00000000d5580000)
  object space 231424K, 99% used [0x0000000080000000,0x000000008e198d60,0x000000008e200000)
 Metaspace       used 66845K, committed 68416K, reserved 1114112K
  class space    used 6921K, committed 7616K, reserved 1048576K
}
Event: 56.808 GC heap after
{Heap after GC invocations=281 (full 3):
 PSYoungGen      total 7680K, used 998K [0x00000000d5580000, 0x00000000d6280000, 0x0000000100000000)
  eden space 6656K, 0% used [0x00000000d5580000,0x00000000d5580000,0x00000000d5c00000)
  from space 1024K, 97% used [0x00000000d5e80000,0x00000000d5f79a10,0x00000000d5f80000)
  to   space 2560K, 0% used [0x00000000d5c00000,0x00000000d5c00000,0x00000000d5e80000)
 ParOldGen       total 232448K, used 232240K [0x0000000080000000, 0x000000008e300000, 0x00000000d5580000)
  object space 232448K, 99% used [0x0000000080000000,0x000000008e2cc2c0,0x000000008e300000)
 Metaspace       used 66845K, committed 68416K, reserved 1114112K
  class space    used 6921K, committed 7616K, reserved 1048576K
}
Event: 56.888 GC heap before
{Heap before GC invocations=282 (full 3):
 PSYoungGen      total 7680K, used 7654K [0x00000000d5580000, 0x00000000d6280000, 0x0000000100000000)
  eden space 6656K, 100% used [0x00000000d5580000,0x00000000d5c00000,0x00000000d5c00000)
  from space 1024K, 97% used [0x00000000d5e80000,0x00000000d5f79a10,0x00000000d5f80000)
  to   space 2560K, 0% used [0x00000000d5c00000,0x00000000d5c00000,0x00000000d5e80000)
 ParOldGen       total 232448K, used 232240K [0x0000000080000000, 0x000000008e300000, 0x00000000d5580000)
  object space 232448K, 99% used [0x0000000080000000,0x000000008e2cc2c0,0x000000008e300000)
 Metaspace       used 66937K, committed 68480K, reserved 1114112K
  class space    used 6930K, committed 7616K, reserved 1048576K
}
Event: 56.891 GC heap after
{Heap after GC invocations=282 (full 3):
 PSYoungGen      total 8192K, used 1314K [0x00000000d5580000, 0x00000000d6000000, 0x0000000100000000)
  eden space 6656K, 0% used [0x00000000d5580000,0x00000000d5580000,0x00000000d5c00000)
  from space 1536K, 85% used [0x00000000d5c00000,0x00000000d5d48968,0x00000000d5d80000)
  to   space 2048K, 0% used [0x00000000d5e00000,0x00000000d5e00000,0x00000000d6000000)
 ParOldGen       total 233472K, used 233266K [0x0000000080000000, 0x000000008e400000, 0x00000000d5580000)
  object space 233472K, 99% used [0x0000000080000000,0x000000008e3ccaa0,0x000000008e400000)
 Metaspace       used 66937K, committed 68480K, reserved 1114112K
  class space    used 6930K, committed 7616K, reserved 1048576K
}
Event: 56.964 GC heap before
{Heap before GC invocations=283 (full 3):
 PSYoungGen      total 8192K, used 7970K [0x00000000d5580000, 0x00000000d6000000, 0x0000000100000000)
  eden space 6656K, 100% used [0x00000000d5580000,0x00000000d5c00000,0x00000000d5c00000)
  from space 1536K, 85% used [0x00000000d5c00000,0x00000000d5d48968,0x00000000d5d80000)
  to   space 2048K, 0% used [0x00000000d5e00000,0x00000000d5e00000,0x00000000d6000000)
 ParOldGen       total 233472K, used 233266K [0x0000000080000000, 0x000000008e400000, 0x00000000d5580000)
  object space 233472K, 99% used [0x0000000080000000,0x000000008e3ccaa0,0x000000008e400000)
 Metaspace       used 66958K, committed 68544K, reserved 1114112K
  class space    used 6935K, committed 7616K, reserved 1048576K
}
Event: 56.967 GC heap after
{Heap after GC invocations=283 (full 3):
 PSYoungGen      total 8192K, used 1260K [0x00000000d5580000, 0x00000000d5f80000, 0x0000000100000000)
  eden space 6656K, 0% used [0x00000000d5580000,0x00000000d5580000,0x00000000d5c00000)
  from space 1536K, 82% used [0x00000000d5e00000,0x00000000d5f3b3c8,0x00000000d5f80000)
  to   space 1536K, 0% used [0x00000000d5c00000,0x00000000d5c00000,0x00000000d5d80000)
 ParOldGen       total 234496K, used 234431K [0x0000000080000000, 0x000000008e500000, 0x00000000d5580000)
  object space 234496K, 99% used [0x0000000080000000,0x000000008e4efe20,0x000000008e500000)
 Metaspace       used 66958K, committed 68544K, reserved 1114112K
  class space    used 6935K, committed 7616K, reserved 1048576K
}
Event: 57.088 GC heap before
{Heap before GC invocations=284 (full 3):
 PSYoungGen      total 8192K, used 7916K [0x00000000d5580000, 0x00000000d5f80000, 0x0000000100000000)
  eden space 6656K, 100% used [0x00000000d5580000,0x00000000d5c00000,0x00000000d5c00000)
  from space 1536K, 82% used [0x00000000d5e00000,0x00000000d5f3b3c8,0x00000000d5f80000)
  to   space 1536K, 0% used [0x00000000d5c00000,0x00000000d5c00000,0x00000000d5d80000)
 ParOldGen       total 234496K, used 234431K [0x0000000080000000, 0x000000008e500000, 0x00000000d5580000)
  object space 234496K, 99% used [0x0000000080000000,0x000000008e4efe20,0x000000008e500000)
 Metaspace       used 66983K, committed 68544K, reserved 1114112K
  class space    used 6937K, committed 7616K, reserved 1048576K
}
Event: 57.092 GC heap after
{Heap after GC invocations=284 (full 3):
 PSYoungGen      total 8192K, used 1510K [0x00000000d5580000, 0x00000000d6000000, 0x0000000100000000)
  eden space 6656K, 0% used [0x00000000d5580000,0x00000000d5580000,0x00000000d5c00000)
  from space 1536K, 98% used [0x00000000d5c00000,0x00000000d5d79a10,0x00000000d5d80000)
  to   space 2048K, 0% used [0x00000000d5e00000,0x00000000d5e00000,0x00000000d6000000)
 ParOldGen       total 236032K, used 235611K [0x0000000080000000, 0x000000008e680000, 0x00000000d5580000)
  object space 236032K, 99% used [0x0000000080000000,0x000000008e616d50,0x000000008e680000)
 Metaspace       used 66983K, committed 68544K, reserved 1114112K
  class space    used 6937K, committed 7616K, reserved 1048576K
}
Event: 57.234 GC heap before
{Heap before GC invocations=285 (full 3):
 PSYoungGen      total 8192K, used 8166K [0x00000000d5580000, 0x00000000d6000000, 0x0000000100000000)
  eden space 6656K, 100% used [0x00000000d5580000,0x00000000d5c00000,0x00000000d5c00000)
  from space 1536K, 98% used [0x00000000d5c00000,0x00000000d5d79a10,0x00000000d5d80000)
  to   space 2048K, 0% used [0x00000000d5e00000,0x00000000d5e00000,0x00000000d6000000)
 ParOldGen       total 236032K, used 235611K [0x0000000080000000, 0x000000008e680000, 0x00000000d5580000)
  object space 236032K, 99% used [0x0000000080000000,0x000000008e616d50,0x000000008e680000)
 Metaspace       used 67040K, committed 68672K, reserved 1114112K
  class space    used 6939K, committed 7680K, reserved 1048576K
}
Event: 57.238 GC heap after
{Heap after GC invocations=285 (full 3):
 PSYoungGen      total 8192K, used 1279K [0x00000000d5580000, 0x00000000d5f80000, 0x0000000100000000)
  eden space 6656K, 0% used [0x00000000d5580000,0x00000000d5580000,0x00000000d5c00000)
  from space 1536K, 83% used [0x00000000d5e00000,0x00000000d5f3fd00,0x00000000d5f80000)
  to   space 1536K, 0% used [0x00000000d5c00000,0x00000000d5c00000,0x00000000d5d80000)
 ParOldGen       total 237056K, used 236791K [0x0000000080000000, 0x000000008e780000, 0x00000000d5580000)
  object space 237056K, 99% used [0x0000000080000000,0x000000008e73dd08,0x000000008e780000)
 Metaspace       used 67040K, committed 68672K, reserved 1114112K
  class space    used 6939K, committed 7680K, reserved 1048576K
}
Event: 57.375 GC heap before
{Heap before GC invocations=286 (full 3):
 PSYoungGen      total 8192K, used 7935K [0x00000000d5580000, 0x00000000d5f80000, 0x0000000100000000)
  eden space 6656K, 100% used [0x00000000d5580000,0x00000000d5c00000,0x00000000d5c00000)
  from space 1536K, 83% used [0x00000000d5e00000,0x00000000d5f3fd00,0x00000000d5f80000)
  to   space 1536K, 0% used [0x00000000d5c00000,0x00000000d5c00000,0x00000000d5d80000)
 ParOldGen       total 237056K, used 236791K [0x0000000080000000, 0x000000008e780000, 0x00000000d5580000)
  object space 237056K, 99% used [0x0000000080000000,0x000000008e73dd08,0x000000008e780000)
 Metaspace       used 67149K, committed 68800K, reserved 1114112K
  class space    used 6945K, committed 7680K, reserved 1048576K
}
Event: 57.379 GC heap after
{Heap after GC invocations=286 (full 3):
 PSYoungGen      total 8192K, used 1393K [0x00000000d5580000, 0x00000000d5f00000, 0x0000000100000000)
  eden space 6656K, 0% used [0x00000000d5580000,0x00000000d5580000,0x00000000d5c00000)
  from space 1536K, 90% used [0x00000000d5c00000,0x00000000d5d5c768,0x00000000d5d80000)
  to   space 1536K, 0% used [0x00000000d5d80000,0x00000000d5d80000,0x00000000d5f00000)
 ParOldGen       total 238080K, used 237943K [0x0000000080000000, 0x000000008e880000, 0x00000000d5580000)
  object space 238080K, 99% used [0x0000000080000000,0x000000008e85dd80,0x000000008e880000)
 Metaspace       used 67149K, committed 68800K, reserved 1114112K
  class space    used 6945K, committed 7680K, reserved 1048576K
}
Event: 57.468 GC heap before
{Heap before GC invocations=287 (full 3):
 PSYoungGen      total 8192K, used 8049K [0x00000000d5580000, 0x00000000d5f00000, 0x0000000100000000)
  eden space 6656K, 100% used [0x00000000d5580000,0x00000000d5c00000,0x00000000d5c00000)
  from space 1536K, 90% used [0x00000000d5c00000,0x00000000d5d5c768,0x00000000d5d80000)
  to   space 1536K, 0% used [0x00000000d5d80000,0x00000000d5d80000,0x00000000d5f00000)
 ParOldGen       total 238080K, used 237943K [0x0000000080000000, 0x000000008e880000, 0x00000000d5580000)
  object space 238080K, 99% used [0x0000000080000000,0x000000008e85dd80,0x000000008e880000)
 Metaspace       used 67234K, committed 68864K, reserved 1114112K
  class space    used 6954K, committed 7680K, reserved 1048576K
}
Event: 57.471 GC heap after
{Heap after GC invocations=287 (full 3):
 PSYoungGen      total 6656K, used 1522K [0x00000000d5580000, 0x00000000d6200000, 0x0000000100000000)
  eden space 5120K, 0% used [0x00000000d5580000,0x00000000d5580000,0x00000000d5a80000)
  from space 1536K, 99% used [0x00000000d5d80000,0x00000000d5efc948,0x00000000d5f00000)
  to   space 3072K, 0% used [0x00000000d5a80000,0x00000000d5a80000,0x00000000d5d80000)
 ParOldGen       total 239616K, used 239239K [0x0000000080000000, 0x000000008ea00000, 0x00000000d5580000)
  object space 239616K, 99% used [0x0000000080000000,0x000000008e9a1ec0,0x000000008ea00000)
 Metaspace       used 67234K, committed 68864K, reserved 1114112K
  class space    used 6954K, committed 7680K, reserved 1048576K
}
Event: 57.655 GC heap before
{Heap before GC invocations=288 (full 3):
 PSYoungGen      total 6656K, used 6642K [0x00000000d5580000, 0x00000000d6200000, 0x0000000100000000)
  eden space 5120K, 100% used [0x00000000d5580000,0x00000000d5a80000,0x00000000d5a80000)
  from space 1536K, 99% used [0x00000000d5d80000,0x00000000d5efc948,0x00000000d5f00000)
  to   space 3072K, 0% used [0x00000000d5a80000,0x00000000d5a80000,0x00000000d5d80000)
 ParOldGen       total 239616K, used 239239K [0x0000000080000000, 0x000000008ea00000, 0x00000000d5580000)
  object space 239616K, 99% used [0x0000000080000000,0x000000008e9a1ec0,0x000000008ea00000)
 Metaspace       used 67307K, committed 68928K, reserved 1114112K
  class space    used 6958K, committed 7680K, reserved 1048576K
}
Event: 57.659 GC heap after
{Heap after GC invocations=288 (full 3):
 PSYoungGen      total 6656K, used 1047K [0x00000000d5580000, 0x00000000d5e80000, 0x0000000100000000)
  eden space 5120K, 0% used [0x00000000d5580000,0x00000000d5580000,0x00000000d5a80000)
  from space 1536K, 68% used [0x00000000d5a80000,0x00000000d5b85c80,0x00000000d5c00000)
  to   space 2048K, 0% used [0x00000000d5c80000,0x00000000d5c80000,0x00000000d5e80000)
 ParOldGen       total 241152K, used 240650K [0x0000000080000000, 0x000000008eb80000, 0x00000000d5580000)
  object space 241152K, 99% used [0x0000000080000000,0x000000008eb02b70,0x000000008eb80000)
 Metaspace       used 67307K, committed 68928K, reserved 1114112K
  class space    used 6958K, committed 7680K, reserved 1048576K
}
Event: 57.956 GC heap before
{Heap before GC invocations=289 (full 3):
 PSYoungGen      total 6656K, used 6167K [0x00000000d5580000, 0x00000000d5e80000, 0x0000000100000000)
  eden space 5120K, 100% used [0x00000000d5580000,0x00000000d5a80000,0x00000000d5a80000)
  from space 1536K, 68% used [0x00000000d5a80000,0x00000000d5b85c80,0x00000000d5c00000)
  to   space 2048K, 0% used [0x00000000d5c80000,0x00000000d5c80000,0x00000000d5e80000)
 ParOldGen       total 241152K, used 240650K [0x0000000080000000, 0x000000008eb80000, 0x00000000d5580000)
  object space 241152K, 99% used [0x0000000080000000,0x000000008eb02b70,0x000000008eb80000)
 Metaspace       used 67437K, committed 69056K, reserved 1114112K
  class space    used 6970K, committed 7680K, reserved 1048576K
}
Event: 57.959 GC heap after
{Heap after GC invocations=289 (full 3):
 PSYoungGen      total 6656K, used 1192K [0x00000000d5580000, 0x00000000d5e00000, 0x0000000100000000)
  eden space 5120K, 0% used [0x00000000d5580000,0x00000000d5580000,0x00000000d5a80000)
  from space 1536K, 77% used [0x00000000d5c80000,0x00000000d5daa118,0x00000000d5e00000)
  to   space 1536K, 0% used [0x00000000d5a80000,0x00000000d5a80000,0x00000000d5c00000)
 ParOldGen       total 241664K, used 241629K [0x0000000080000000, 0x000000008ec00000, 0x00000000d5580000)
  object space 241664K, 99% used [0x0000000080000000,0x000000008ebf7590,0x000000008ec00000)
 Metaspace       used 67437K, committed 69056K, reserved 1114112K
  class space    used 6970K, committed 7680K, reserved 1048576K
}

