# JRE version: OpenJDK Runtime Environment Temurin-21.0.8+9 (21.0.8+9) (build 21.0.8+9-LTS)
# Java VM: OpenJDK 64-Bit Server VM Temurin-21.0.8+9 (21.0.8+9-LTS, mixed mode, sharing, tiered, compressed oops, compressed class ptrs, parallel gc, windows-amd64)
GC Precious Log:
 CardTable entry size: 512
 CPUs: 8 total, 8 available
 Memory: 7916M
 Large Page Support: Disabled
 NUMA Support: Disabled
 Compressed Oops: Enabled (32-bit)
 Alignments: Space 512K, Generation 512K, Heap 2M
 Heap Min Capacity: 100M
 Heap Initial Capacity: 100M
 Heap Max Capacity: 2G
 Pre-touch: Disabled
 Parallel Workers: 8
Heap:
 PSYoungGen      total 3584K, used 2834K [0x00000000d5580000, 0x00000000d5980000, 0x0000000100000000)
  eden space 2560K, 98% used [0x00000000d5580000,0x00000000d57f7868,0x00000000d5800000)
  from space 1024K, 30% used [0x00000000d5800000,0x00000000d584d200,0x00000000d5900000)
  to   space 512K, 0% used [0x00000000d5900000,0x00000000d5900000,0x00000000d5980000)
 ParOldGen       total 1018880K, used 1018395K [0x0000000080000000, 0x00000000be300000, 0x00000000d5580000)
  object space 1018880K, 99% used [0x0000000080000000,0x00000000be286c80,0x00000000be300000)
 Metaspace       used 71578K, committed 73216K, reserved 1179648K
  class space    used 7290K, committed 8000K, reserved 1048576K
GC Heap History (20 events):
Event: 85.654 GC heap before
{Heap before GC invocations=1716 (full 3):
 PSYoungGen      total 2048K, used 1744K [0x00000000d5580000, 0x00000000d5980000, 0x0000000100000000)
  eden space 1536K, 99% used [0x00000000d5580000,0x00000000d56fc2e0,0x00000000d5700000)
  from space 512K, 43% used [0x00000000d5900000,0x00000000d5938000,0x00000000d5980000)
  to   space 512K, 0% used [0x00000000d5880000,0x00000000d5880000,0x00000000d5900000)
 ParOldGen       total 986112K, used 985620K [0x0000000080000000, 0x00000000bc300000, 0x00000000d5580000)
  object space 986112K, 99% used [0x0000000080000000,0x00000000bc2853a0,0x00000000bc300000)
 Metaspace       used 71102K, committed 72704K, reserved 1114112K
  class space    used 7253K, committed 7936K, reserved 1048576K
}
Event: 85.658 GC heap after
{Heap after GC invocations=1716 (full 3):
 PSYoungGen      total 2048K, used 272K [0x00000000d5580000, 0x00000000d5980000, 0x0000000100000000)
  eden space 1536K, 0% used [0x00000000d5580000,0x00000000d5580000,0x00000000d5700000)
  from space 512K, 53% used [0x00000000d5880000,0x00000000d58c4010,0x00000000d5900000)
  to   space 512K, 0% used [0x00000000d5900000,0x00000000d5900000,0x00000000d5980000)
 ParOldGen       total 986112K, used 985644K [0x0000000080000000, 0x00000000bc300000, 0x00000000d5580000)
  object space 986112K, 99% used [0x0000000080000000,0x00000000bc28b3a0,0x00000000bc300000)
 Metaspace       used 71102K, committed 72704K, reserved 1114112K
  class space    used 7253K, committed 7936K, reserved 1048576K
}
Event: 85.847 GC heap before
{Heap before GC invocations=1717 (full 3):
 PSYoungGen      total 2048K, used 1808K [0x00000000d5580000, 0x00000000d5980000, 0x0000000100000000)
  eden space 1536K, 100% used [0x00000000d5580000,0x00000000d5700000,0x00000000d5700000)
  from space 512K, 53% used [0x00000000d5880000,0x00000000d58c4010,0x00000000d5900000)
  to   space 512K, 0% used [0x00000000d5900000,0x00000000d5900000,0x00000000d5980000)
 ParOldGen       total 1017856K, used 1016364K [0x0000000080000000, 0x00000000be200000, 0x00000000d5580000)
  object space 1017856K, 99% used [0x0000000080000000,0x00000000be08b3d0,0x00000000be200000)
 Metaspace       used 71119K, committed 72768K, reserved 1114112K
  class space    used 7253K, committed 7936K, reserved 1048576K
}
Event: 85.849 GC heap after
{Heap after GC invocations=1717 (full 3):
 PSYoungGen      total 2048K, used 224K [0x00000000d5580000, 0x00000000d5980000, 0x0000000100000000)
  eden space 1536K, 0% used [0x00000000d5580000,0x00000000d5580000,0x00000000d5700000)
  from space 512K, 43% used [0x00000000d5900000,0x00000000d5938000,0x00000000d5980000)
  to   space 512K, 0% used [0x00000000d5880000,0x00000000d5880000,0x00000000d5900000)
 ParOldGen       total 1017856K, used 1016456K [0x0000000080000000, 0x00000000be200000, 0x00000000d5580000)
  object space 1017856K, 99% used [0x0000000080000000,0x00000000be0a23e0,0x00000000be200000)
 Metaspace       used 71119K, committed 72768K, reserved 1114112K
  class space    used 7253K, committed 7936K, reserved 1048576K
}
Event: 86.024 GC heap before
{Heap before GC invocations=1718 (full 3):
 PSYoungGen      total 2048K, used 1759K [0x00000000d5580000, 0x00000000d5980000, 0x0000000100000000)
  eden space 1536K, 99% used [0x00000000d5580000,0x00000000d56ffff0,0x00000000d5700000)
  from space 512K, 43% used [0x00000000d5900000,0x00000000d5938000,0x00000000d5980000)
  to   space 512K, 0% used [0x00000000d5880000,0x00000000d5880000,0x00000000d5900000)
 ParOldGen       total 1017856K, used 1016456K [0x0000000080000000, 0x00000000be200000, 0x00000000d5580000)
  object space 1017856K, 99% used [0x0000000080000000,0x00000000be0a23e0,0x00000000be200000)
 Metaspace       used 71205K, committed 72832K, reserved 1114112K
  class space    used 7265K, committed 7936K, reserved 1048576K
}
Event: 86.027 GC heap after
{Heap after GC invocations=1718 (full 3):
 PSYoungGen      total 2048K, used 224K [0x00000000d5580000, 0x00000000d5980000, 0x0000000100000000)
  eden space 1536K, 0% used [0x00000000d5580000,0x00000000d5580000,0x00000000d5700000)
  from space 512K, 43% used [0x00000000d5880000,0x00000000d58b8000,0x00000000d5900000)
  to   space 512K, 0% used [0x00000000d5900000,0x00000000d5900000,0x00000000d5980000)
 ParOldGen       total 1017856K, used 1016512K [0x0000000080000000, 0x00000000be200000, 0x00000000d5580000)
  object space 1017856K, 99% used [0x0000000080000000,0x00000000be0b03e0,0x00000000be200000)
 Metaspace       used 71205K, committed 72832K, reserved 1114112K
  class space    used 7265K, committed 7936K, reserved 1048576K
}
Event: 86.112 GC heap before
{Heap before GC invocations=1719 (full 3):
 PSYoungGen      total 2048K, used 1737K [0x00000000d5580000, 0x00000000d5980000, 0x0000000100000000)
  eden space 1536K, 98% used [0x00000000d5580000,0x00000000d56fa750,0x00000000d5700000)
  from space 512K, 43% used [0x00000000d5880000,0x00000000d58b8000,0x00000000d5900000)
  to   space 512K, 0% used [0x00000000d5900000,0x00000000d5900000,0x00000000d5980000)
 ParOldGen       total 1017856K, used 1016512K [0x0000000080000000, 0x00000000be200000, 0x00000000d5580000)
  object space 1017856K, 99% used [0x0000000080000000,0x00000000be0b03e0,0x00000000be200000)
 Metaspace       used 71298K, committed 72960K, reserved 1114112K
  class space    used 7275K, committed 8000K, reserved 1048576K
}
Event: 86.116 GC heap after
{Heap after GC invocations=1719 (full 3):
 PSYoungGen      total 2048K, used 337K [0x00000000d5580000, 0x00000000d5980000, 0x0000000100000000)
  eden space 1536K, 0% used [0x00000000d5580000,0x00000000d5580000,0x00000000d5700000)
  from space 512K, 65% used [0x00000000d5900000,0x00000000d5954420,0x00000000d5980000)
  to   space 512K, 0% used [0x00000000d5880000,0x00000000d5880000,0x00000000d5900000)
 ParOldGen       total 1017856K, used 1016648K [0x0000000080000000, 0x00000000be200000, 0x00000000d5580000)
  object space 1017856K, 99% used [0x0000000080000000,0x00000000be0d23f0,0x00000000be200000)
 Metaspace       used 71298K, committed 72960K, reserved 1114112K
  class space    used 7275K, committed 8000K, reserved 1048576K
}
Event: 86.135 GC heap before
{Heap before GC invocations=1720 (full 3):
 PSYoungGen      total 2048K, used 1872K [0x00000000d5580000, 0x00000000d5980000, 0x0000000100000000)
  eden space 1536K, 99% used [0x00000000d5580000,0x00000000d56ffca8,0x00000000d5700000)
  from space 512K, 65% used [0x00000000d5900000,0x00000000d5954420,0x00000000d5980000)
  to   space 512K, 0% used [0x00000000d5880000,0x00000000d5880000,0x00000000d5900000)
 ParOldGen       total 1017856K, used 1016648K [0x0000000080000000, 0x00000000be200000, 0x00000000d5580000)
  object space 1017856K, 99% used [0x0000000080000000,0x00000000be0d23f0,0x00000000be200000)
 Metaspace       used 71423K, committed 73088K, reserved 1179648K
  class space    used 7279K, committed 8000K, reserved 1048576K
}
Event: 86.137 GC heap after
{Heap after GC invocations=1720 (full 3):
 PSYoungGen      total 2048K, used 435K [0x00000000d5580000, 0x00000000d5980000, 0x0000000100000000)
  eden space 1536K, 0% used [0x00000000d5580000,0x00000000d5580000,0x00000000d5700000)
  from space 512K, 85% used [0x00000000d5880000,0x00000000d58ecd10,0x00000000d5900000)
  to   space 512K, 0% used [0x00000000d5900000,0x00000000d5900000,0x00000000d5980000)
 ParOldGen       total 1017856K, used 1016733K [0x0000000080000000, 0x00000000be200000, 0x00000000d5580000)
  object space 1017856K, 99% used [0x0000000080000000,0x00000000be0e7400,0x00000000be200000)
 Metaspace       used 71423K, committed 73088K, reserved 1179648K
  class space    used 7279K, committed 8000K, reserved 1048576K
}
Event: 86.151 GC heap before
{Heap before GC invocations=1721 (full 3):
 PSYoungGen      total 2048K, used 1971K [0x00000000d5580000, 0x00000000d5980000, 0x0000000100000000)
  eden space 1536K, 100% used [0x00000000d5580000,0x00000000d5700000,0x00000000d5700000)
  from space 512K, 85% used [0x00000000d5880000,0x00000000d58ecd10,0x00000000d5900000)
  to   space 512K, 0% used [0x00000000d5900000,0x00000000d5900000,0x00000000d5980000)
 ParOldGen       total 1017856K, used 1016733K [0x0000000080000000, 0x00000000be200000, 0x00000000d5580000)
  object space 1017856K, 99% used [0x0000000080000000,0x00000000be0e7400,0x00000000be200000)
 Metaspace       used 71501K, committed 73152K, reserved 1179648K
  class space    used 7284K, committed 8000K, reserved 1048576K
}
Event: 86.153 GC heap after
{Heap after GC invocations=1721 (full 3):
 PSYoungGen      total 2048K, used 256K [0x00000000d5580000, 0x00000000d5980000, 0x0000000100000000)
  eden space 1536K, 0% used [0x00000000d5580000,0x00000000d5580000,0x00000000d5700000)
  from space 512K, 50% used [0x00000000d5900000,0x00000000d5940000,0x00000000d5980000)
  to   space 512K, 0% used [0x00000000d5880000,0x00000000d5880000,0x00000000d5900000)
 ParOldGen       total 1017856K, used 1016893K [0x0000000080000000, 0x00000000be200000, 0x00000000d5580000)
  object space 1017856K, 99% used [0x0000000080000000,0x00000000be10f400,0x00000000be200000)
 Metaspace       used 71501K, committed 73152K, reserved 1179648K
  class space    used 7284K, committed 8000K, reserved 1048576K
}
Event: 86.166 GC heap before
{Heap before GC invocations=1722 (full 3):
 PSYoungGen      total 2048K, used 1791K [0x00000000d5580000, 0x00000000d5980000, 0x0000000100000000)
  eden space 1536K, 99% used [0x00000000d5580000,0x00000000d56fffc0,0x00000000d5700000)
  from space 512K, 50% used [0x00000000d5900000,0x00000000d5940000,0x00000000d5980000)
  to   space 512K, 0% used [0x00000000d5880000,0x00000000d5880000,0x00000000d5900000)
 ParOldGen       total 1017856K, used 1016893K [0x0000000080000000, 0x00000000be200000, 0x00000000d5580000)
  object space 1017856K, 99% used [0x0000000080000000,0x00000000be10f400,0x00000000be200000)
 Metaspace       used 71501K, committed 73152K, reserved 1179648K
  class space    used 7284K, committed 8000K, reserved 1048576K
}
Event: 86.168 GC heap after
{Heap after GC invocations=1722 (full 3):
 PSYoungGen      total 2048K, used 209K [0x00000000d5580000, 0x00000000d5980000, 0x0000000100000000)
  eden space 1536K, 0% used [0x00000000d5580000,0x00000000d5580000,0x00000000d5700000)
  from space 512K, 40% used [0x00000000d5880000,0x00000000d58b4470,0x00000000d5900000)
  to   space 512K, 0% used [0x00000000d5900000,0x00000000d5900000,0x00000000d5980000)
 ParOldGen       total 1017856K, used 1016925K [0x0000000080000000, 0x00000000be200000, 0x00000000d5580000)
  object space 1017856K, 99% used [0x0000000080000000,0x00000000be117400,0x00000000be200000)
 Metaspace       used 71501K, committed 73152K, reserved 1179648K
  class space    used 7284K, committed 8000K, reserved 1048576K
}
Event: 86.174 GC heap before
{Heap before GC invocations=1723 (full 3):
 PSYoungGen      total 2048K, used 1745K [0x00000000d5580000, 0x00000000d5980000, 0x0000000100000000)
  eden space 1536K, 100% used [0x00000000d5580000,0x00000000d5700000,0x00000000d5700000)
  from space 512K, 40% used [0x00000000d5880000,0x00000000d58b4470,0x00000000d5900000)
  to   space 512K, 0% used [0x00000000d5900000,0x00000000d5900000,0x00000000d5980000)
 ParOldGen       total 1017856K, used 1016925K [0x0000000080000000, 0x00000000be200000, 0x00000000d5580000)
  object space 1017856K, 99% used [0x0000000080000000,0x00000000be117400,0x00000000be200000)
 Metaspace       used 71501K, committed 73152K, reserved 1179648K
  class space    used 7284K, committed 8000K, reserved 1048576K
}
Event: 90.188 GC heap after
{Heap after GC invocations=1723 (full 3):
 PSYoungGen      total 2560K, used 388K [0x00000000d5580000, 0x00000000d5980000, 0x0000000100000000)
  eden space 2048K, 0% used [0x00000000d5580000,0x00000000d5580000,0x00000000d5780000)
  from space 512K, 75% used [0x00000000d5900000,0x00000000d5961268,0x00000000d5980000)
  to   space 512K, 0% used [0x00000000d5880000,0x00000000d5880000,0x00000000d5900000)
 ParOldGen       total 1017856K, used 1017777K [0x0000000080000000, 0x00000000be200000, 0x00000000d5580000)
  object space 1017856K, 99% used [0x0000000080000000,0x00000000be1ec6a0,0x00000000be200000)
 Metaspace       used 71501K, committed 73152K, reserved 1179648K
  class space    used 7284K, committed 8000K, reserved 1048576K
}
Event: 90.709 GC heap before
{Heap before GC invocations=1724 (full 3):
 PSYoungGen      total 2560K, used 2428K [0x00000000d5580000, 0x00000000d5980000, 0x0000000100000000)
  eden space 2048K, 99% used [0x00000000d5580000,0x00000000d577e018,0x00000000d5780000)
  from space 512K, 75% used [0x00000000d5900000,0x00000000d5961268,0x00000000d5980000)
  to   space 512K, 0% used [0x00000000d5880000,0x00000000d5880000,0x00000000d5900000)
 ParOldGen       total 1017856K, used 1017777K [0x0000000080000000, 0x00000000be200000, 0x00000000d5580000)
  object space 1017856K, 99% used [0x0000000080000000,0x00000000be1ec6a0,0x00000000be200000)
 Metaspace       used 71509K, committed 73152K, reserved 1179648K
  class space    used 7285K, committed 8000K, reserved 1048576K
}
Event: 91.892 GC heap after
{Heap after GC invocations=1724 (full 3):
 PSYoungGen      total 3072K, used 500K [0x00000000d5580000, 0x00000000d5a00000, 0x0000000100000000)
  eden space 2560K, 0% used [0x00000000d5580000,0x00000000d5580000,0x00000000d5800000)
  from space 512K, 97% used [0x00000000d5880000,0x00000000d58fd1e0,0x00000000d5900000)
  to   space 1024K, 0% used [0x00000000d5900000,0x00000000d5900000,0x00000000d5a00000)
 ParOldGen       total 1018368K, used 1018038K [0x0000000080000000, 0x00000000be280000, 0x00000000d5580000)
  object space 1018368K, 99% used [0x0000000080000000,0x00000000be22d8e0,0x00000000be280000)
 Metaspace       used 71509K, committed 73152K, reserved 1179648K
  class space    used 7285K, committed 8000K, reserved 1048576K
}
Event: 93.117 GC heap before
{Heap before GC invocations=1725 (full 3):
 PSYoungGen      total 3072K, used 3060K [0x00000000d5580000, 0x00000000d5a00000, 0x0000000100000000)
  eden space 2560K, 100% used [0x00000000d5580000,0x00000000d5800000,0x00000000d5800000)
  from space 512K, 97% used [0x00000000d5880000,0x00000000d58fd1e0,0x00000000d5900000)
  to   space 1024K, 0% used [0x00000000d5900000,0x00000000d5900000,0x00000000d5a00000)
 ParOldGen       total 1018368K, used 1018038K [0x0000000080000000, 0x00000000be280000, 0x00000000d5580000)
  object space 1018368K, 99% used [0x0000000080000000,0x00000000be22d8e0,0x00000000be280000)
 Metaspace       used 71509K, committed 73152K, reserved 1179648K
  class space    used 7285K, committed 8000K, reserved 1048576K
}
Event: 93.123 GC heap after
{Heap after GC invocations=1725 (full 3):
 PSYoungGen      total 3584K, used 544K [0x00000000d5580000, 0x00000000d5a80000, 0x0000000100000000)
  eden space 2560K, 0% used [0x00000000d5580000,0x00000000d5580000,0x00000000d5800000)
  from space 1024K, 53% used [0x00000000d5900000,0x00000000d5988088,0x00000000d5a00000)
  to   space 1024K, 0% used [0x00000000d5800000,0x00000000d5800000,0x00000000d5900000)
 ParOldGen       total 1018368K, used 1018345K [0x0000000080000000, 0x00000000be280000, 0x00000000d5580000)
  object space 1018368K, 99% used [0x0000000080000000,0x00000000be27a528,0x00000000be280000)
 Metaspace       used 71509K, committed 73152K, reserved 1179648K
  class space    used 7285K, committed 8000K, reserved 1048576K
}

