# JRE version: OpenJDK Runtime Environment Temurin-21.0.8+9 (21.0.8+9) (build 21.0.8+9-LTS)
# Java VM: OpenJDK 64-Bit Server VM Temurin-21.0.8+9 (21.0.8+9-LTS, mixed mode, sharing, tiered, compressed oops, compressed class ptrs, parallel gc, windows-amd64)
GC Precious Log:
 CardTable entry size: 512
 CPUs: 8 total, 8 available
 Memory: 7916M
 Large Page Support: Disabled
 NUMA Support: Disabled
 Compressed Oops: Enabled (32-bit)
 Alignments: Space 512K, Generation 512K, Heap 2M
 Heap Min Capacity: 100M
 Heap Initial Capacity: 100M
 Heap Max Capacity: 2G
 Pre-touch: Disabled
 Parallel Workers: 8
Heap:
 PSYoungGen      total 4096K, used 1683K [0x00000000d5580000, 0x00000000d5c80000, 0x0000000100000000)
  eden space 3072K, 22% used [0x00000000d5580000,0x00000000d5629328,0x00000000d5880000)
  from space 1024K, 98% used [0x00000000d5880000,0x00000000d597b930,0x00000000d5980000)
  to   space 2048K, 0% used [0x00000000d5a80000,0x00000000d5a80000,0x00000000d5c80000)
 ParOldGen       total 402944K, used 402501K [0x0000000080000000, 0x0000000098980000, 0x00000000d5580000)
  object space 402944K, 99% used [0x0000000080000000,0x0000000098911440,0x0000000098980000)
 Metaspace       used 69006K, committed 70528K, reserved 1114112K
  class space    used 7041K, committed 7744K, reserved 1048576K
GC Heap History (20 events):
Event: 77.240 GC heap before
{Heap before GC invocations=832 (full 3):
 PSYoungGen      total 3072K, used 2835K [0x00000000d5580000, 0x00000000d5a00000, 0x0000000100000000)
  eden space 2048K, 100% used [0x00000000d5580000,0x00000000d5780000,0x00000000d5780000)
  from space 1024K, 76% used [0x00000000d5900000,0x00000000d59c4f58,0x00000000d5a00000)
  to   space 1024K, 0% used [0x00000000d5800000,0x00000000d5800000,0x00000000d5900000)
 ParOldGen       total 395776K, used 395484K [0x0000000080000000, 0x0000000098280000, 0x00000000d5580000)
  object space 395776K, 99% used [0x0000000080000000,0x0000000098237328,0x0000000098280000)
 Metaspace       used 68995K, committed 70528K, reserved 1114112K
  class space    used 7041K, committed 7744K, reserved 1048576K
}
Event: 77.243 GC heap after
{Heap after GC invocations=832 (full 3):
 PSYoungGen      total 3072K, used 738K [0x00000000d5580000, 0x00000000d5980000, 0x0000000100000000)
  eden space 2048K, 0% used [0x00000000d5580000,0x00000000d5580000,0x00000000d5780000)
  from space 1024K, 72% used [0x00000000d5800000,0x00000000d58b8930,0x00000000d5900000)
  to   space 512K, 0% used [0x00000000d5900000,0x00000000d5900000,0x00000000d5980000)
 ParOldGen       total 396288K, used 396090K [0x0000000080000000, 0x0000000098300000, 0x00000000d5580000)
  object space 396288K, 99% used [0x0000000080000000,0x00000000982ceab8,0x0000000098300000)
 Metaspace       used 68995K, committed 70528K, reserved 1114112K
  class space    used 7041K, committed 7744K, reserved 1048576K
}
Event: 77.250 GC heap before
{Heap before GC invocations=833 (full 3):
 PSYoungGen      total 3072K, used 2786K [0x00000000d5580000, 0x00000000d5980000, 0x0000000100000000)
  eden space 2048K, 100% used [0x00000000d5580000,0x00000000d5780000,0x00000000d5780000)
  from space 1024K, 72% used [0x00000000d5800000,0x00000000d58b8930,0x00000000d5900000)
  to   space 512K, 0% used [0x00000000d5900000,0x00000000d5900000,0x00000000d5980000)
 ParOldGen       total 396288K, used 396090K [0x0000000080000000, 0x0000000098300000, 0x00000000d5580000)
  object space 396288K, 99% used [0x0000000080000000,0x00000000982ceab8,0x0000000098300000)
 Metaspace       used 68995K, committed 70528K, reserved 1114112K
  class space    used 7041K, committed 7744K, reserved 1048576K
}
Event: 77.252 GC heap after
{Heap after GC invocations=833 (full 3):
 PSYoungGen      total 2560K, used 509K [0x00000000d5580000, 0x00000000d5980000, 0x0000000100000000)
  eden space 2048K, 0% used [0x00000000d5580000,0x00000000d5580000,0x00000000d5780000)
  from space 512K, 99% used [0x00000000d5900000,0x00000000d597f6d0,0x00000000d5980000)
  to   space 1024K, 0% used [0x00000000d5780000,0x00000000d5780000,0x00000000d5880000)
 ParOldGen       total 396800K, used 396766K [0x0000000080000000, 0x0000000098380000, 0x00000000d5580000)
  object space 396800K, 99% used [0x0000000080000000,0x00000000983779f8,0x0000000098380000)
 Metaspace       used 68995K, committed 70528K, reserved 1114112K
  class space    used 7041K, committed 7744K, reserved 1048576K
}
Event: 77.269 GC heap before
{Heap before GC invocations=834 (full 3):
 PSYoungGen      total 2560K, used 2557K [0x00000000d5580000, 0x00000000d5980000, 0x0000000100000000)
  eden space 2048K, 100% used [0x00000000d5580000,0x00000000d5780000,0x00000000d5780000)
  from space 512K, 99% used [0x00000000d5900000,0x00000000d597f6d0,0x00000000d5980000)
  to   space 1024K, 0% used [0x00000000d5780000,0x00000000d5780000,0x00000000d5880000)
 ParOldGen       total 396800K, used 396766K [0x0000000080000000, 0x0000000098380000, 0x00000000d5580000)
  object space 396800K, 99% used [0x0000000080000000,0x00000000983779f8,0x0000000098380000)
 Metaspace       used 68995K, committed 70528K, reserved 1114112K
  class space    used 7041K, committed 7744K, reserved 1048576K
}
Event: 77.271 GC heap after
{Heap after GC invocations=834 (full 3):
 PSYoungGen      total 3072K, used 692K [0x00000000d5580000, 0x00000000d5980000, 0x0000000100000000)
  eden space 2048K, 0% used [0x00000000d5580000,0x00000000d5580000,0x00000000d5780000)
  from space 1024K, 67% used [0x00000000d5780000,0x00000000d582d178,0x00000000d5880000)
  to   space 1024K, 0% used [0x00000000d5880000,0x00000000d5880000,0x00000000d5980000)
 ParOldGen       total 397312K, used 397210K [0x0000000080000000, 0x0000000098400000, 0x00000000d5580000)
  object space 397312K, 99% used [0x0000000080000000,0x00000000983e6878,0x0000000098400000)
 Metaspace       used 68995K, committed 70528K, reserved 1114112K
  class space    used 7041K, committed 7744K, reserved 1048576K
}
Event: 77.280 GC heap before
{Heap before GC invocations=835 (full 3):
 PSYoungGen      total 3072K, used 2740K [0x00000000d5580000, 0x00000000d5980000, 0x0000000100000000)
  eden space 2048K, 100% used [0x00000000d5580000,0x00000000d5780000,0x00000000d5780000)
  from space 1024K, 67% used [0x00000000d5780000,0x00000000d582d178,0x00000000d5880000)
  to   space 1024K, 0% used [0x00000000d5880000,0x00000000d5880000,0x00000000d5980000)
 ParOldGen       total 397312K, used 397210K [0x0000000080000000, 0x0000000098400000, 0x00000000d5580000)
  object space 397312K, 99% used [0x0000000080000000,0x00000000983e6878,0x0000000098400000)
 Metaspace       used 68995K, committed 70528K, reserved 1114112K
  class space    used 7041K, committed 7744K, reserved 1048576K
}
Event: 77.282 GC heap after
{Heap after GC invocations=835 (full 3):
 PSYoungGen      total 3072K, used 576K [0x00000000d5580000, 0x00000000d5980000, 0x0000000100000000)
  eden space 2048K, 0% used [0x00000000d5580000,0x00000000d5580000,0x00000000d5780000)
  from space 1024K, 56% used [0x00000000d5880000,0x00000000d5910000,0x00000000d5980000)
  to   space 1024K, 0% used [0x00000000d5780000,0x00000000d5780000,0x00000000d5880000)
 ParOldGen       total 397824K, used 397814K [0x0000000080000000, 0x0000000098480000, 0x00000000d5580000)
  object space 397824K, 99% used [0x0000000080000000,0x000000009847da00,0x0000000098480000)
 Metaspace       used 68995K, committed 70528K, reserved 1114112K
  class space    used 7041K, committed 7744K, reserved 1048576K
}
Event: 77.372 GC heap before
{Heap before GC invocations=836 (full 3):
 PSYoungGen      total 3072K, used 2624K [0x00000000d5580000, 0x00000000d5980000, 0x0000000100000000)
  eden space 2048K, 100% used [0x00000000d5580000,0x00000000d5780000,0x00000000d5780000)
  from space 1024K, 56% used [0x00000000d5880000,0x00000000d5910000,0x00000000d5980000)
  to   space 1024K, 0% used [0x00000000d5780000,0x00000000d5780000,0x00000000d5880000)
 ParOldGen       total 397824K, used 397814K [0x0000000080000000, 0x0000000098480000, 0x00000000d5580000)
  object space 397824K, 99% used [0x0000000080000000,0x000000009847da00,0x0000000098480000)
 Metaspace       used 68995K, committed 70528K, reserved 1114112K
  class space    used 7041K, committed 7744K, reserved 1048576K
}
Event: 77.376 GC heap after
{Heap after GC invocations=836 (full 3):
 PSYoungGen      total 3072K, used 352K [0x00000000d5580000, 0x00000000d5900000, 0x0000000100000000)
  eden space 2048K, 0% used [0x00000000d5580000,0x00000000d5580000,0x00000000d5780000)
  from space 1024K, 34% used [0x00000000d5780000,0x00000000d57d8000,0x00000000d5880000)
  to   space 512K, 0% used [0x00000000d5880000,0x00000000d5880000,0x00000000d5900000)
 ParOldGen       total 398336K, used 398303K [0x0000000080000000, 0x0000000098500000, 0x00000000d5580000)
  object space 398336K, 99% used [0x0000000080000000,0x00000000984f7e40,0x0000000098500000)
 Metaspace       used 68995K, committed 70528K, reserved 1114112K
  class space    used 7041K, committed 7744K, reserved 1048576K
}
Event: 77.458 GC heap before
{Heap before GC invocations=837 (full 3):
 PSYoungGen      total 3072K, used 2400K [0x00000000d5580000, 0x00000000d5900000, 0x0000000100000000)
  eden space 2048K, 100% used [0x00000000d5580000,0x00000000d5780000,0x00000000d5780000)
  from space 1024K, 34% used [0x00000000d5780000,0x00000000d57d8000,0x00000000d5880000)
  to   space 512K, 0% used [0x00000000d5880000,0x00000000d5880000,0x00000000d5900000)
 ParOldGen       total 398336K, used 398303K [0x0000000080000000, 0x0000000098500000, 0x00000000d5580000)
  object space 398336K, 99% used [0x0000000080000000,0x00000000984f7e40,0x0000000098500000)
 Metaspace       used 68996K, committed 70528K, reserved 1114112K
  class space    used 7041K, committed 7744K, reserved 1048576K
}
Event: 77.462 GC heap after
{Heap after GC invocations=837 (full 3):
 PSYoungGen      total 2560K, used 511K [0x00000000d5580000, 0x00000000d5980000, 0x0000000100000000)
  eden space 2048K, 0% used [0x00000000d5580000,0x00000000d5580000,0x00000000d5780000)
  from space 512K, 99% used [0x00000000d5880000,0x00000000d58ffc90,0x00000000d5900000)
  to   space 1024K, 0% used [0x00000000d5780000,0x00000000d5780000,0x00000000d5880000)
 ParOldGen       total 398848K, used 398612K [0x0000000080000000, 0x0000000098580000, 0x00000000d5580000)
  object space 398848K, 99% used [0x0000000080000000,0x0000000098545140,0x0000000098580000)
 Metaspace       used 68996K, committed 70528K, reserved 1114112K
  class space    used 7041K, committed 7744K, reserved 1048576K
}
Event: 77.519 GC heap before
{Heap before GC invocations=838 (full 3):
 PSYoungGen      total 2560K, used 2559K [0x00000000d5580000, 0x00000000d5980000, 0x0000000100000000)
  eden space 2048K, 100% used [0x00000000d5580000,0x00000000d5780000,0x00000000d5780000)
  from space 512K, 99% used [0x00000000d5880000,0x00000000d58ffc90,0x00000000d5900000)
  to   space 1024K, 0% used [0x00000000d5780000,0x00000000d5780000,0x00000000d5880000)
 ParOldGen       total 398848K, used 398612K [0x0000000080000000, 0x0000000098580000, 0x00000000d5580000)
  object space 398848K, 99% used [0x0000000080000000,0x0000000098545140,0x0000000098580000)
 Metaspace       used 68996K, committed 70528K, reserved 1114112K
  class space    used 7041K, committed 7744K, reserved 1048576K
}
Event: 77.521 GC heap after
{Heap after GC invocations=838 (full 3):
 PSYoungGen      total 3072K, used 626K [0x00000000d5580000, 0x00000000d5980000, 0x0000000100000000)
  eden space 2048K, 0% used [0x00000000d5580000,0x00000000d5580000,0x00000000d5780000)
  from space 1024K, 61% used [0x00000000d5780000,0x00000000d581c9c0,0x00000000d5880000)
  to   space 1024K, 0% used [0x00000000d5880000,0x00000000d5880000,0x00000000d5980000)
 ParOldGen       total 399360K, used 399056K [0x0000000080000000, 0x0000000098600000, 0x00000000d5580000)
  object space 399360K, 99% used [0x0000000080000000,0x00000000985b4348,0x0000000098600000)
 Metaspace       used 68996K, committed 70528K, reserved 1114112K
  class space    used 7041K, committed 7744K, reserved 1048576K
}
Event: 77.548 GC heap before
{Heap before GC invocations=839 (full 3):
 PSYoungGen      total 3072K, used 2674K [0x00000000d5580000, 0x00000000d5980000, 0x0000000100000000)
  eden space 2048K, 100% used [0x00000000d5580000,0x00000000d5780000,0x00000000d5780000)
  from space 1024K, 61% used [0x00000000d5780000,0x00000000d581c9c0,0x00000000d5880000)
  to   space 1024K, 0% used [0x00000000d5880000,0x00000000d5880000,0x00000000d5980000)
 ParOldGen       total 399360K, used 399056K [0x0000000080000000, 0x0000000098600000, 0x00000000d5580000)
  object space 399360K, 99% used [0x0000000080000000,0x00000000985b4348,0x0000000098600000)
 Metaspace       used 68996K, committed 70528K, reserved 1114112K
  class space    used 7041K, committed 7744K, reserved 1048576K
}
Event: 77.551 GC heap after
{Heap after GC invocations=839 (full 3):
 PSYoungGen      total 2560K, used 407K [0x00000000d5580000, 0x00000000d5900000, 0x0000000100000000)
  eden space 2048K, 0% used [0x00000000d5580000,0x00000000d5580000,0x00000000d5780000)
  from space 512K, 79% used [0x00000000d5880000,0x00000000d58e5c48,0x00000000d5900000)
  to   space 512K, 0% used [0x00000000d5800000,0x00000000d5800000,0x00000000d5880000)
 ParOldGen       total 399872K, used 399547K [0x0000000080000000, 0x0000000098680000, 0x00000000d5580000)
  object space 399872K, 99% used [0x0000000080000000,0x000000009862ec18,0x0000000098680000)
 Metaspace       used 68996K, committed 70528K, reserved 1114112K
  class space    used 7041K, committed 7744K, reserved 1048576K
}
Event: 77.754 GC heap before
{Heap before GC invocations=840 (full 3):
 PSYoungGen      total 2560K, used 2445K [0x00000000d5580000, 0x00000000d5900000, 0x0000000100000000)
  eden space 2048K, 99% used [0x00000000d5580000,0x00000000d577daa0,0x00000000d5780000)
  from space 512K, 79% used [0x00000000d5880000,0x00000000d58e5c48,0x00000000d5900000)
  to   space 512K, 0% used [0x00000000d5800000,0x00000000d5800000,0x00000000d5880000)
 ParOldGen       total 399872K, used 399547K [0x0000000080000000, 0x0000000098680000, 0x00000000d5580000)
  object space 399872K, 99% used [0x0000000080000000,0x000000009862ec18,0x0000000098680000)
 Metaspace       used 68996K, committed 70528K, reserved 1114112K
  class space    used 7041K, committed 7744K, reserved 1048576K
}
Event: 77.756 GC heap after
{Heap after GC invocations=840 (full 3):
 PSYoungGen      total 2560K, used 495K [0x00000000d5580000, 0x00000000d5a80000, 0x0000000100000000)
  eden space 2048K, 0% used [0x00000000d5580000,0x00000000d5580000,0x00000000d5780000)
  from space 512K, 96% used [0x00000000d5800000,0x00000000d587bfa8,0x00000000d5880000)
  to   space 1536K, 0% used [0x00000000d5900000,0x00000000d5900000,0x00000000d5a80000)
 ParOldGen       total 400384K, used 400001K [0x0000000080000000, 0x0000000098700000, 0x00000000d5580000)
  object space 400384K, 99% used [0x0000000080000000,0x00000000986a06d0,0x0000000098700000)
 Metaspace       used 68996K, committed 70528K, reserved 1114112K
  class space    used 7041K, committed 7744K, reserved 1048576K
}
Event: 77.843 GC heap before
{Heap before GC invocations=841 (full 3):
 PSYoungGen      total 2560K, used 2543K [0x00000000d5580000, 0x00000000d5a80000, 0x0000000100000000)
  eden space 2048K, 100% used [0x00000000d5580000,0x00000000d5780000,0x00000000d5780000)
  from space 512K, 96% used [0x00000000d5800000,0x00000000d587bfa8,0x00000000d5880000)
  to   space 1536K, 0% used [0x00000000d5900000,0x00000000d5900000,0x00000000d5a80000)
 ParOldGen       total 400384K, used 400001K [0x0000000080000000, 0x0000000098700000, 0x00000000d5580000)
  object space 400384K, 99% used [0x0000000080000000,0x00000000986a06d0,0x0000000098700000)
 Metaspace       used 68996K, committed 70528K, reserved 1114112K
  class space    used 7041K, committed 7744K, reserved 1048576K
}
Event: 78.870 GC heap after
{Heap after GC invocations=841 (full 3):
 PSYoungGen      total 3584K, used 771K [0x00000000d5580000, 0x00000000d5a00000, 0x0000000100000000)
  eden space 2560K, 0% used [0x00000000d5580000,0x00000000d5580000,0x00000000d5800000)
  from space 1024K, 75% used [0x00000000d5900000,0x00000000d59c0ea0,0x00000000d5a00000)
  to   space 1024K, 0% used [0x00000000d5800000,0x00000000d5800000,0x00000000d5900000)
 ParOldGen       total 400896K, used 400457K [0x0000000080000000, 0x0000000098780000, 0x00000000d5580000)
  object space 400896K, 99% used [0x0000000080000000,0x00000000987124f8,0x0000000098780000)
 Metaspace       used 68996K, committed 70528K, reserved 1114112K
  class space    used 7041K, committed 7744K, reserved 1048576K
}

