# JRE version: Java(TM) SE Runtime Environment (18.0.2.1+1) (build 18.0.2.1+1-1)
# Java VM: Java HotSpot(TM) 64-Bit Server VM (18.0.2.1+1-1, mixed mode, sharing, tiered, compressed oops, compressed class ptrs, g1 gc, windows-amd64)
GC Precious Log:
 CardTable entry size: 512
 Card Set container configuration: InlinePtr #cards 5 size 8 Array Of Cards #cards 12 size 40 Howl #buckets 4 coarsen threshold 1843 Howl Bitmap #cards 512 size 80 coarsen threshold 460 Card regions per heap region 1 cards per card region 2048
 CPUs: 8 total, 8 available
 Memory: 7916M
 Large Page Support: Disabled
 NUMA Support: Disabled
 Compressed Oops: Enabled (32-bit)
 Heap Region Size: 1M
 Heap Min Capacity: 8M
 Heap Initial Capacity: 124M
 Heap Max Capacity: 1980M
 Pre-touch: Disabled
 Parallel Workers: 8
 Concurrent Workers: 2
 Concurrent Refinement Workers: 8
 Periodic GC: Disabled
Heap:
 garbage-first heap   total 178176K, used 86381K [0x0000000084400000, 0x0000000100000000)
  region size 1024K, 12 young (12288K), 4 survivors (4096K)
 Metaspace       used 35051K, committed 35648K, reserved 1114112K
  class space    used 3815K, committed 4096K, reserved 1048576K
GC Heap History (20 events):
Event: 16.541 GC heap before
{Heap before GC invocations=6 (full 0):
 garbage-first heap   total 86016K, used 68278K [0x0000000084400000, 0x0000000100000000)
  region size 1024K, 50 young (51200K), 8 survivors (8192K)
 Metaspace       used 25843K, committed 26176K, reserved 1114112K
  class space    used 2909K, committed 3072K, reserved 1048576K
}
Event: 16.573 GC heap after
{Heap after GC invocations=7 (full 0):
 garbage-first heap   total 89088K, used 35657K [0x0000000084400000, 0x0000000100000000)
  region size 1024K, 7 young (7168K), 7 survivors (7168K)
 Metaspace       used 25843K, committed 26176K, reserved 1114112K
  class space    used 2909K, committed 3072K, reserved 1048576K
}
Event: 16.587 GC heap before
{Heap before GC invocations=7 (full 0):
 garbage-first heap   total 89088K, used 36681K [0x0000000084400000, 0x0000000100000000)
  region size 1024K, 8 young (8192K), 7 survivors (7168K)
 Metaspace       used 25843K, committed 26176K, reserved 1114112K
  class space    used 2909K, committed 3072K, reserved 1048576K
}
Event: 16.596 GC heap after
{Heap after GC invocations=8 (full 0):
 garbage-first heap   total 89088K, used 36864K [0x0000000084400000, 0x0000000100000000)
  region size 1024K, 1 young (1024K), 1 survivors (1024K)
 Metaspace       used 25843K, committed 26176K, reserved 1114112K
  class space    used 2909K, committed 3072K, reserved 1048576K
}
Event: 17.031 GC heap before
{Heap before GC invocations=8 (full 0):
 garbage-first heap   total 89088K, used 63488K [0x0000000084400000, 0x0000000100000000)
  region size 1024K, 27 young (27648K), 1 survivors (1024K)
 Metaspace       used 26629K, committed 27008K, reserved 1114112K
  class space    used 2971K, committed 3136K, reserved 1048576K
}
Event: 17.043 GC heap after
{Heap after GC invocations=9 (full 0):
 garbage-first heap   total 89088K, used 40960K [0x0000000084400000, 0x0000000100000000)
  region size 1024K, 4 young (4096K), 4 survivors (4096K)
 Metaspace       used 26629K, committed 27008K, reserved 1114112K
  class space    used 2971K, committed 3136K, reserved 1048576K
}
Event: 17.658 GC heap before
{Heap before GC invocations=9 (full 0):
 garbage-first heap   total 89088K, used 64512K [0x0000000084400000, 0x0000000100000000)
  region size 1024K, 28 young (28672K), 4 survivors (4096K)
 Metaspace       used 28095K, committed 28480K, reserved 1114112K
  class space    used 3119K, committed 3328K, reserved 1048576K
}
Event: 17.668 GC heap after
{Heap after GC invocations=10 (full 0):
 garbage-first heap   total 178176K, used 42657K [0x0000000084400000, 0x0000000100000000)
  region size 1024K, 2 young (2048K), 2 survivors (2048K)
 Metaspace       used 28095K, committed 28480K, reserved 1114112K
  class space    used 3119K, committed 3328K, reserved 1048576K
}
Event: 18.301 GC heap before
{Heap before GC invocations=10 (full 0):
 garbage-first heap   total 178176K, used 117409K [0x0000000084400000, 0x0000000100000000)
  region size 1024K, 75 young (76800K), 2 survivors (2048K)
 Metaspace       used 29571K, committed 30080K, reserved 1114112K
  class space    used 3272K, committed 3520K, reserved 1048576K
}
Event: 18.306 GC heap after
{Heap after GC invocations=11 (full 0):
 garbage-first heap   total 178176K, used 43934K [0x0000000084400000, 0x0000000100000000)
  region size 1024K, 3 young (3072K), 3 survivors (3072K)
 Metaspace       used 29571K, committed 30080K, reserved 1114112K
  class space    used 3272K, committed 3520K, reserved 1048576K
}
Event: 20.609 GC heap before
{Heap before GC invocations=11 (full 0):
 garbage-first heap   total 178176K, used 128926K [0x0000000084400000, 0x0000000100000000)
  region size 1024K, 83 young (84992K), 3 survivors (3072K)
 Metaspace       used 31966K, committed 32384K, reserved 1114112K
  class space    used 3522K, committed 3712K, reserved 1048576K
}
Event: 20.624 GC heap after
{Heap after GC invocations=12 (full 0):
 garbage-first heap   total 178176K, used 52670K [0x0000000084400000, 0x0000000100000000)
  region size 1024K, 10 young (10240K), 10 survivors (10240K)
 Metaspace       used 31966K, committed 32384K, reserved 1114112K
  class space    used 3522K, committed 3712K, reserved 1048576K
}
Event: 21.783 GC heap before
{Heap before GC invocations=12 (full 0):
 garbage-first heap   total 178176K, used 130494K [0x0000000084400000, 0x0000000100000000)
  region size 1024K, 84 young (86016K), 10 survivors (10240K)
 Metaspace       used 32136K, committed 32640K, reserved 1114112K
  class space    used 3533K, committed 3776K, reserved 1048576K
}
Event: 21.808 GC heap after
{Heap after GC invocations=13 (full 0):
 garbage-first heap   total 178176K, used 75301K [0x0000000084400000, 0x0000000100000000)
  region size 1024K, 11 young (11264K), 11 survivors (11264K)
 Metaspace       used 32136K, committed 32640K, reserved 1114112K
  class space    used 3533K, committed 3776K, reserved 1048576K
}
Event: 22.413 GC heap before
{Heap before GC invocations=13 (full 0):
 garbage-first heap   total 178176K, used 128549K [0x0000000084400000, 0x0000000100000000)
  region size 1024K, 64 young (65536K), 11 survivors (11264K)
 Metaspace       used 33441K, committed 33920K, reserved 1114112K
  class space    used 3680K, committed 3904K, reserved 1048576K
}
Event: 22.420 GC heap after
{Heap after GC invocations=14 (full 0):
 garbage-first heap   total 178176K, used 77301K [0x0000000084400000, 0x0000000100000000)
  region size 1024K, 2 young (2048K), 2 survivors (2048K)
 Metaspace       used 33441K, committed 33920K, reserved 1114112K
  class space    used 3680K, committed 3904K, reserved 1048576K
}
Event: 23.477 GC heap before
{Heap before GC invocations=14 (full 0):
 garbage-first heap   total 178176K, used 134645K [0x0000000084400000, 0x0000000100000000)
  region size 1024K, 58 young (59392K), 2 survivors (2048K)
 Metaspace       used 33685K, committed 34176K, reserved 1114112K
  class space    used 3691K, committed 3904K, reserved 1048576K
}
Event: 23.483 GC heap after
{Heap after GC invocations=15 (full 0):
 garbage-first heap   total 178176K, used 78276K [0x0000000084400000, 0x0000000100000000)
  region size 1024K, 3 young (3072K), 3 survivors (3072K)
 Metaspace       used 33685K, committed 34176K, reserved 1114112K
  class space    used 3691K, committed 3904K, reserved 1048576K
}
Event: 24.279 GC heap before
{Heap before GC invocations=15 (full 0):
 garbage-first heap   total 178176K, used 94660K [0x0000000084400000, 0x0000000100000000)
  region size 1024K, 20 young (20480K), 3 survivors (3072K)
 Metaspace       used 35596K, committed 36160K, reserved 1114112K
  class space    used 3875K, committed 4160K, reserved 1048576K
}
Event: 24.284 GC heap after
{Heap after GC invocations=16 (full 0):
 garbage-first heap   total 178176K, used 79213K [0x0000000084400000, 0x0000000100000000)
  region size 1024K, 4 young (4096K), 4 survivors (4096K)
 Metaspace       used 35596K, committed 36160K, reserved 1114112K
  class space    used 3875K, committed 4160K, reserved 1048576K
}

